2024-08-07 08:13:41	4db9a5f9-2235-4867-9411-50adbede9ac5	[GET] /new-page.html
2024-08-07 08:13:41	137db99d-b332-4258-b94d-bbc77bcbec00	[GET] /css/style.css
2024-08-07 08:13:41	44d6c7c4-e533-4c0f-aefb-d13b4ff3564b	[GET] /img/img1.jpg
2024-08-07 08:14:56	808aa86c-d385-45e9-8c4b-28c3044ccf4d	[GET]	undefined	/new-page.html
2024-08-07 08:14:57	e762970d-0f66-468b-ac5a-44d298bc976f	[GET]	undefined	/css/style.css
2024-08-07 08:14:57	029ba473-068b-4dfb-ba36-3f5f9215d32d	[GET]	undefined	/img/img1.jpg
2024-08-07 08:17:16	34fca052-f45c-4e39-89f2-9a9226da41cd	[GET]	undefined	/new-page.html
2024-08-07 08:17:16	ba409198-d398-4c2c-8c0b-f93763968e98	[GET]	undefined	/css/style.css
2024-08-07 08:17:16	9ded2a47-94b8-4e1f-af57-6f4950abf7ab	[GET]	undefined	/img/img1.jpg
2024-08-07 08:17:29	62e30bb9-b0d0-4ea5-afac-e6fc297d6486	[GET]	undefined	/
2024-08-07 08:17:29	11f655d4-9117-4209-95c6-f1f88ef6f37f	[GET]	undefined	/css/style.css
2024-08-07 08:18:47	42f1483b-cdc5-4476-9557-0e1929a1b7f0	[OPTIONS]	https://www.google.com	/
2024-08-07 08:18:47	366e30ea-ffe6-4e4d-8b42-d5c08ad24cf4	[GET]	https://www.google.com	/
2024-08-07 08:19:29	02fc5c80-da39-4325-96ed-e17e12aa34e3	[OPTIONS]	https://www.google.com	/
2024-08-07 08:19:29	0ab5e9f3-d671-4765-943d-b409a4a37c35	[GET]	https://www.google.com	/
2024-08-07 08:20:21	b4dfdb45-c9b9-4df2-bcb2-ae52ef315809	[GET]	undefined	/
2024-08-07 08:20:21	13d501bc-90d7-46cf-964d-e71319e50314	[GET]	undefined	/css/style.css
2024-08-07 08:21:01	cbfea5ab-23c7-44b0-8b5b-e6339d35d293	[GET]	https://www.google.com	/
2024-08-07 08:21:01	97f2767a-c3d7-43df-9c66-47dc62ef621f	[OPTIONS]	https://www.google.com	/
2024-08-07 08:21:23	f15b7c5c-a9ce-4077-9c69-71f3fdd30177	[OPTIONS]	https://phitron.io	/
2024-08-07 08:21:23	9e21465e-ef14-4996-a463-288bab8b5979	[GET]	https://phitron.io	/
2024-08-07 08:23:55	98a96f1c-a747-46c8-af99-24ae0a3ee931	[OPTIONS]	https://phitron.io	/
2024-08-07 08:23:55	062e3784-2f3a-4037-b2ab-d574eb5ca947	[GET]	https://phitron.io	/
2024-08-07 08:24:39	a5e5e5c7-2fe9-4633-a605-2da480a917b6	[OPTIONS]	https://phitron.io	/
2024-08-07 08:24:39	95bc93b4-1293-462b-8e73-90b8a8b65550	[GET]	https://phitron.io	/
2024-08-07 08:26:39	6d0e95ac-a8f3-4e89-9c4e-be48bac49e15	[OPTIONS]	https://phitron.io	/
2024-08-07 08:26:39	276c8bc0-094e-4a8b-b4cd-239fc72c3dde	[GET]	https://phitron.io	/
2024-08-07 08:27:54	9ae4b4c4-4b45-4001-95d5-246c2ec374f4	[GET]	undefined	/
2024-08-07 08:28:23	113fb245-d20d-40b2-bc4a-de2324260fb6	[GET]	undefined	/new-page.html
2024-08-07 08:28:23	27e07ee3-c75f-4fbc-b7fb-b7d36f772bd5	[GET]	undefined	/new-page.html
2024-08-07 08:28:57	c9742361-d50d-42b6-aaa9-fc285d31a006	[GET]	undefined	/new-page.html
2024-08-07 08:29:47	8b349667-82e2-4236-9f9e-af17feeba9ab	[GET]	undefined	/
2024-08-07 08:29:47	199af7d4-ead9-47fc-acfb-d42241f83fc1	[GET]	undefined	/
2024-08-07 08:30:15	22fcf3cb-ad44-4374-9541-aea9b0eee9c7	[OPTIONS]	https://www.google.com	/
2024-08-07 08:30:15	2d28e559-09f6-4161-94eb-9a736db28320	[GET]	https://www.google.com	/
2024-08-07 08:30:50	2f2fb83c-dd91-420a-aadf-bf22383c2e3a	[GET]	undefined	/
2024-08-07 08:31:01	3a9fe9c8-cd6f-448d-ab7a-c3056381cb82	[GET]	undefined	/
2024-08-07 08:31:09	f60d44e9-ee75-414d-86e5-6b6100b40b76	[OPTIONS]	https://www.google.com	/
2024-08-07 08:31:09	140bb66e-3f86-4126-b83f-d1830beb97cc	[GET]	https://www.google.com	/
2024-08-07 08:31:24	f9143cfe-4e26-44dc-8a20-b185e75a9891	[OPTIONS]	https://www.google.com	/
2024-08-07 08:31:24	08317ea3-197e-4d2f-a14b-03a9117570ff	[GET]	https://www.google.com	/
2024-08-07 08:31:49	3df052da-e011-4721-9cf6-f172614f0da8	[GET]	undefined	/
2024-08-07 08:31:50	913a7b7c-1fc2-47e7-8ff4-6bb48cdd6c5c	[GET]	undefined	/
2024-08-07 08:55:13	6e949249-4c12-4b51-a18c-8ed9fa340a00	[GET]	undefined	/
2024-08-07 09:04:28	503da819-55e2-4cd1-8a21-79088ff280dd	[GET]	undefined	/
2024-08-07 12:10:52	d76d9146-3c74-4c1b-b818-74346a615150	[GET]	undefined	/
2024-08-07 12:12:28	357ebea3-c2d0-48e6-b8db-b940d98bed45	[GET]	undefined	/
2024-08-07 12:13:09	f77dee98-d54c-42c9-b9b0-b21701c444ee	[GET]	undefined	/
2024-08-07 12:13:09	df634208-ee7e-479e-b841-8db81897a8a6	[GET]	undefined	/css/style.css
2024-08-07 12:16:02	5f91b28e-f46b-4762-928e-42da48e2e467	[GET]	undefined	/
2024-08-07 12:16:02	c84ae283-944b-44d8-a5d7-3ceb655ba188	[GET]	undefined	/css/style.css
2024-08-07 12:16:25	eaaffe52-9bb9-4684-b08e-313fd8c2f2cb	[GET]	undefined	/
2024-08-07 12:16:25	96a9e3e5-dac0-4df3-bae0-a226ae67f27d	[GET]	undefined	/css/style.css
2024-08-07 12:16:39	e4f57e6a-ef84-4746-a944-5a4f7f9cc26b	[GET]	undefined	/
2024-08-07 12:16:39	10fb7968-fe61-422d-a82a-6e28f7be789b	[GET]	undefined	/css/style.css
2024-08-07 12:16:41	728e8541-8a3c-42a3-9186-8aecd911e103	[GET]	undefined	/new-page.html
2024-08-07 12:16:41	99f6b297-d414-422a-b176-3e786e5597a6	[GET]	undefined	/css/style.css
2024-08-07 12:16:41	1b4547d2-6358-4f4b-aafa-a5dc2c69876b	[GET]	undefined	/img/img1.jpg
2024-08-07 12:16:50	302bf0b5-b65a-4236-be45-62494db44578	[GET]	undefined	/new-page.html
2024-08-07 12:16:50	6c94148b-83d6-4f4a-b42c-2c32246d5699	[GET]	undefined	/css/style.css
2024-08-07 12:16:50	77608d07-e7a2-4ad2-bda0-9e66d3a5195f	[GET]	undefined	/img/img1.jpg
2024-08-07 12:17:00	394f6f1b-6b31-44f9-8818-aa61ef97ef0e	[GET]	undefined	/new-page.html
2024-08-07 12:18:15	4dc6ddd7-9c9b-4c34-ac8c-a6f066a17bac	[GET]	undefined	/new-page.html
2024-08-07 12:18:16	491b3456-74ce-4e5e-8598-c450e949f956	[GET]	undefined	/css/style.css
2024-08-07 12:18:16	1a3c6e0a-8248-4ff3-a1b0-0ae6cb0a5b5e	[GET]	undefined	/img/img1.jpg
2024-08-07 12:18:31	31a4d805-20d1-46e7-899c-24ea9686a960	[GET]	undefined	/
2024-08-07 12:18:31	7209b1ce-782f-45f1-b898-5c19cc06eb72	[GET]	undefined	/css/style.css
2024-08-07 12:19:40	3df37170-1013-4990-b0e3-93fe34a2aa46	[GET]	undefined	/new-page.html
2024-08-07 12:19:40	e16b54c9-95e4-4010-a600-9e32d6ba1fbe	[GET]	undefined	/css/style.css
2024-08-07 12:19:40	991a5de6-cd57-4603-af29-611fe02b3daa	[GET]	undefined	/img/img1.jpg
2024-08-07 12:19:41	0ba81096-cf56-42eb-9c15-877676ed4e5e	[GET]	undefined	/aelrkje
2024-08-07 12:19:42	a8cc9723-ecb8-473c-89f1-b2736875816f	[GET]	undefined	/css/style.css
2024-08-07 12:20:02	83eb8352-73f3-4797-bbd3-84deeb4390bc	[GET]	undefined	/aelrkje
2024-08-07 12:20:02	1182adcc-2067-4b3e-a1fa-0014641a5d0e	[GET]	undefined	/css/style.css
2024-08-07 12:21:13	a55e530e-8643-4411-ad7d-52ec2c63015c	[GET]	undefined	/aelrkje
2024-08-07 12:21:14	709bb7f0-4d67-4ddc-a2de-fb60e8e6a7d3	[GET]	undefined	/css/style.css
2024-08-07 12:21:34	67d12bb0-b42b-4f38-8bfb-8a63d043eea7	[GET]	undefined	/aelrkje
2024-08-07 12:21:50	c1858fc5-359b-4502-90fa-d2450f26112e	[GET]	undefined	/abid.json
2024-08-07 12:21:53	fd83c536-5515-4eb8-8354-274e5de13a76	[GET]	undefined	/
2024-08-07 12:21:53	629ef0af-b5f0-45c2-b790-9df8c6c820f1	[GET]	undefined	/css/style.css
2024-08-07 12:22:08	964034c0-77bb-4ef3-a468-015eaf9b49cc	[GET]	undefined	/
2024-08-07 12:22:08	1270054d-7455-426f-8dd2-610a0c7c7f81	[GET]	undefined	/css/style.css
2024-08-07 12:22:10	4569d99a-be12-4efc-9149-3464a38449ca	[GET]	undefined	/new-page.html
2024-08-07 12:22:10	1e23c416-0d75-4cf6-9801-5cc605556d3b	[GET]	undefined	/css/style.css
2024-08-07 12:22:10	f3eb0bc8-6b92-4f3e-a90a-78139bd490c6	[GET]	undefined	/img/img1.jpg
2024-08-07 12:22:11	6505bbc5-288a-44bb-9901-09222f056614	[GET]	undefined	/afekl
2024-08-07 12:22:11	f1139788-dda9-4078-b4d7-f35dc3c7180d	[GET]	undefined	/css/style.css
2024-08-07 12:22:35	af556b31-e822-4ead-a3b8-8b7b2e4cac86	[GET]	undefined	/
2024-08-07 12:22:35	08b3b0f4-0d3f-410f-8461-0ae088af100d	[GET]	undefined	/css/style.css
2024-08-07 12:22:38	3f9aa099-c2ef-468f-b15a-554d8c13c6d6	[GET]	undefined	/abid
2024-08-07 12:22:38	f8eb84bd-49e7-40df-9f4b-02646da5317e	[GET]	undefined	/css/style.css
2024-08-07 12:22:53	592d3350-33e5-4d42-af36-14bea145907f	[GET]	undefined	/abid.json
2024-08-07 12:22:53	94082e48-ceba-4826-b184-15d579adf02e	[GET]	undefined	/css/style.css
2024-08-07 12:22:58	c4ad74f5-68a5-4c3e-b47d-aa5e687aad2b	[GET]	undefined	/
2024-08-07 12:22:58	eb611c74-ce28-45b4-bbba-85ba533298cf	[GET]	undefined	/css/style.css
2024-08-07 12:23:20	dcfd772c-e64d-4a86-8520-c4030408566b	[GET]	undefined	/abid.json
2024-08-07 12:23:35	bd53b0eb-b757-4341-910b-de1b93aed467	[GET]	undefined	/abid.json
2024-08-07 12:23:43	fc646534-b5a4-4eb0-b732-b58f8617734c	[GET]	undefined	/abid
